0 info it worked if it ends with ok
1 verbose cli [ '/usr/bin/node', '/usr/bin/npm', 'install', '-g', 'tick' ]
2 info using npm@2.15.1
3 info using node@v0.12.14
4 verbose node symlink /usr/bin/node
5 verbose install initial load of /usr/lib/package.json
6 verbose readDependencies loading dependencies from /usr/lib/package.json
7 silly cache add args [ 'tick', null ]
8 verbose cache add spec tick
9 silly cache add parsed spec { raw: 'tick',
9 silly cache add   scope: null,
9 silly cache add   name: 'tick',
9 silly cache add   rawSpec: '',
9 silly cache add   spec: 'latest',
9 silly cache add   type: 'tag' }
10 silly addNamed tick@latest
11 verbose addNamed "latest" is being treated as a dist-tag for tick
12 info addNameTag [ 'tick', 'latest' ]
13 silly mapToRegistry name tick
14 silly mapToRegistry using default registry
15 silly mapToRegistry registry https://registry.npmjs.org/
16 silly mapToRegistry data { raw: 'tick',
16 silly mapToRegistry   scope: null,
16 silly mapToRegistry   name: 'tick',
16 silly mapToRegistry   rawSpec: '',
16 silly mapToRegistry   spec: 'latest',
16 silly mapToRegistry   type: 'tag' }
17 silly mapToRegistry uri https://registry.npmjs.org/tick
18 verbose addNameTag registry:https://registry.npmjs.org/tick not in flight; fetching
19 verbose request uri https://registry.npmjs.org/tick
20 verbose request no auth needed
21 info attempt registry request try #1 at 8:20:58 PM
22 verbose request id c0f9aff6bc9f2690
23 http request GET https://registry.npmjs.org/tick
24 http 200 https://registry.npmjs.org/tick
25 verbose headers { server: 'CouchDB/1.5.0 (Erlang OTP/R16B03)',
25 verbose headers   etag: '"4LWQQ2L3YMVXVUP7ATHEARTCF"',
25 verbose headers   'content-type': 'application/json',
25 verbose headers   'content-encoding': 'gzip',
25 verbose headers   'cache-control': 'max-age=300',
25 verbose headers   'content-length': '2120',
25 verbose headers   'accept-ranges': 'bytes',
25 verbose headers   date: 'Tue, 05 Jul 2016 00:20:59 GMT',
25 verbose headers   via: '1.1 varnish',
25 verbose headers   age: '233',
25 verbose headers   connection: 'keep-alive',
25 verbose headers   'x-served-by': 'cache-iad2634-IAD',
25 verbose headers   'x-cache': 'HIT',
25 verbose headers   'x-cache-hits': '1',
25 verbose headers   'x-timer': 'S1467678059.115764,VS0,VE0',
25 verbose headers   vary: 'Accept-Encoding' }
26 silly get cb [ 200,
26 silly get   { server: 'CouchDB/1.5.0 (Erlang OTP/R16B03)',
26 silly get     etag: '"4LWQQ2L3YMVXVUP7ATHEARTCF"',
26 silly get     'content-type': 'application/json',
26 silly get     'content-encoding': 'gzip',
26 silly get     'cache-control': 'max-age=300',
26 silly get     'content-length': '2120',
26 silly get     'accept-ranges': 'bytes',
26 silly get     date: 'Tue, 05 Jul 2016 00:20:59 GMT',
26 silly get     via: '1.1 varnish',
26 silly get     age: '233',
26 silly get     connection: 'keep-alive',
26 silly get     'x-served-by': 'cache-iad2634-IAD',
26 silly get     'x-cache': 'HIT',
26 silly get     'x-cache-hits': '1',
26 silly get     'x-timer': 'S1467678059.115764,VS0,VE0',
26 silly get     vary: 'Accept-Encoding' } ]
27 verbose get saving tick to /home/jeff/.npm/registry.npmjs.org/tick/.cache.json
28 verbose correctMkdir /home/jeff/.npm correctMkdir not in flight; initializing
29 silly addNameTag next cb for tick with tag latest
30 silly addNamed tick@0.1.1
31 verbose addNamed "0.1.1" is a plain semver version for tick
32 silly mapToRegistry name tick
33 silly mapToRegistry using default registry
34 silly mapToRegistry registry https://registry.npmjs.org/
35 silly mapToRegistry data { raw: 'tick',
35 silly mapToRegistry   scope: null,
35 silly mapToRegistry   name: 'tick',
35 silly mapToRegistry   rawSpec: '',
35 silly mapToRegistry   spec: 'latest',
35 silly mapToRegistry   type: 'tag' }
36 silly mapToRegistry uri https://registry.npmjs.org/tick
37 verbose addRemoteTarball https://registry.npmjs.org/tick/-/tick-0.1.1.tgz not in flight; adding
38 verbose addRemoteTarball [ 'https://registry.npmjs.org/tick/-/tick-0.1.1.tgz',
38 verbose addRemoteTarball   'a281ea32f660eda386931800af76ce0077ea48cc' ]
39 info retry fetch attempt 1 at 8:20:59 PM
40 info attempt registry request try #1 at 8:20:59 PM
41 http fetch GET https://registry.npmjs.org/tick/-/tick-0.1.1.tgz
42 http fetch 200 https://registry.npmjs.org/tick/-/tick-0.1.1.tgz
43 silly fetchAndShaCheck shasum a281ea32f660eda386931800af76ce0077ea48cc
44 verbose addTmpTarball /tmp/npm-26457-e983eca0/registry.npmjs.org/tick/-/tick-0.1.1.tgz not in flight; adding
45 verbose addTmpTarball already have metadata; skipping unpack for tick@0.1.1
46 verbose correctMkdir /home/jeff/.npm correctMkdir not in flight; initializing
47 silly cache afterAdd tick@0.1.1
48 verbose afterAdd /home/jeff/.npm/tick/0.1.1/package/package.json not in flight; writing
49 verbose correctMkdir /home/jeff/.npm correctMkdir not in flight; initializing
50 verbose afterAdd /home/jeff/.npm/tick/0.1.1/package/package.json written
51 silly install resolved [ { name: 'tick',
51 silly install resolved     version: '0.1.1',
51 silly install resolved     description: 'node-compatible v8.log processor',
51 silly install resolved     homepage: 'http://github.com/sidorares/node-tick',
51 silly install resolved     author: { name: 'Andrey Sidorov', email: 'sidorares@yandex.ru' },
51 silly install resolved     keywords: [ 'v8.log', 'profiler', 'profile', 'tick', 'linux-tick-processor' ],
51 silly install resolved     repository: { type: 'git', url: 'http://github.com/sidorares/node-tick' },
51 silly install resolved     engines: { node: '>=0.4.0' },
51 silly install resolved     bin:
51 silly install resolved      { 'node-tick-processor': './bin/tickprocessor-driver.js',
51 silly install resolved        'plot-timer-events': './bin/stdio.js' },
51 silly install resolved     dependencies: { byline: '~2.0.3' },
51 silly install resolved     gitHead: 'e4792b993194fcc4a4250dc1ac31aa5329c42386',
51 silly install resolved     bugs: { url: 'https://github.com/sidorares/node-tick/issues' },
51 silly install resolved     _id: 'tick@0.1.1',
51 silly install resolved     scripts: {},
51 silly install resolved     _shasum: 'a281ea32f660eda386931800af76ce0077ea48cc',
51 silly install resolved     _from: 'tick@latest',
51 silly install resolved     _npmVersion: '1.4.28',
51 silly install resolved     _npmUser: { name: 'sidorares', email: 'sidorares@yandex.com' },
51 silly install resolved     maintainers: [ [Object] ],
51 silly install resolved     dist:
51 silly install resolved      { shasum: 'a281ea32f660eda386931800af76ce0077ea48cc',
51 silly install resolved        tarball: 'https://registry.npmjs.org/tick/-/tick-0.1.1.tgz' },
51 silly install resolved     directories: {},
51 silly install resolved     _resolved: 'https://registry.npmjs.org/tick/-/tick-0.1.1.tgz' } ]
52 info install tick@0.1.1 into /usr/lib
53 info installOne tick@0.1.1
54 verbose installOne of tick to /usr/lib not in flight; installing
55 verbose correctMkdir /home/jeff/.npm/_locks correctMkdir not in flight; initializing
56 verbose lock using /home/jeff/.npm/_locks/tick-a643fa66ddd03be6.lock for /usr/lib/node_modules/tick
57 silly install write writing tick 0.1.1 to /usr/lib/node_modules/tick
58 verbose unbuild lib/node_modules/tick
59 silly gentlyRm /usr/lib/node_modules/tick is being purged from base /usr
60 verbose gentlyRm don't care about contents; nuking /usr/lib/node_modules/tick
61 verbose tar unpack /home/jeff/.npm/tick/0.1.1/package.tgz
62 verbose tar unpacking to /usr/lib/node_modules/tick
63 silly gentlyRm /usr/lib/node_modules/tick is being purged
64 verbose gentlyRm don't care about contents; nuking /usr/lib/node_modules/tick
65 silly gunzTarPerm modes [ '775', '664' ]
66 error tar.unpack untar error /home/jeff/.npm/tick/0.1.1/package.tgz
67 verbose unlock done using /home/jeff/.npm/_locks/tick-a643fa66ddd03be6.lock for /usr/lib/node_modules/tick
68 verbose fstream_path /usr/lib/node_modules/tick
69 verbose fstream_type Directory
70 verbose fstream_class DirWriter
71 verbose stack Error: EACCES, mkdir '/usr/lib/node_modules/tick'
71 verbose stack     at Error (native)
72 verbose fstream_stack /usr/lib/node_modules/npm/node_modules/fstream/lib/dir-writer.js:35:25
72 verbose fstream_stack /usr/lib/node_modules/npm/node_modules/mkdirp/index.js:47:53
72 verbose fstream_stack FSReqWrap.oncomplete (fs.js:95:15)
73 verbose cwd /home/jeff/projects/yet-another-space-war/server
74 error Linux 4.2.0-38-generic
75 error argv "/usr/bin/node" "/usr/bin/npm" "install" "-g" "tick"
76 error node v0.12.14
77 error npm  v2.15.1
78 error path /usr/lib/node_modules/tick
79 error code EACCES
80 error errno -13
81 error Error: EACCES, mkdir '/usr/lib/node_modules/tick'
81 error     at Error (native)
81 error  { [Error: EACCES, mkdir '/usr/lib/node_modules/tick']
81 error   errno: -13,
81 error   code: 'EACCES',
81 error   path: '/usr/lib/node_modules/tick',
81 error   fstream_type: 'Directory',
81 error   fstream_path: '/usr/lib/node_modules/tick',
81 error   fstream_class: 'DirWriter',
81 error   fstream_stack:
81 error    [ '/usr/lib/node_modules/npm/node_modules/fstream/lib/dir-writer.js:35:25',
81 error      '/usr/lib/node_modules/npm/node_modules/mkdirp/index.js:47:53',
81 error      'FSReqWrap.oncomplete (fs.js:95:15)' ] }
82 error Please try running this command again as root/Administrator.
83 verbose exit [ -13, true ]
84 verbose unbuild lib/node_modules/tick
85 silly gentlyRm /usr/lib/node_modules/tick is being purged from base /usr
86 verbose gentlyRm don't care about contents; nuking /usr/lib/node_modules/tick
